<?xml version="1.0" encoding="UTF-8"?>
<testsuite name="JUnit Jupiter" tests="8" skipped="0" failures="0" errors="0" time="0.091" hostname="JMacBook-Pro.local" timestamp="2021-10-25T15:41:45">
<properties>
[...]
</properties>
<testcase name="einlesenTest()" classname="org.hbrs.se.ws21.uebung3.test.ContainerTest" time="0.003">
<system-out><![CDATA[
unique-id: [engine:junit-jupiter]/[class:org.hbrs.se.ws21.uebung3.test.ContainerTest]/[method:einlesenTest()]
display-name: einlesenTest()
]]></system-out>
</testcase>
<testcase name="exceptionTest()" classname="org.hbrs.se.ws21.uebung2.test.ContainerTest" time="0.004">
<system-out><![CDATA[
unique-id: [engine:junit-jupiter]/[class:org.hbrs.se.ws21.uebung2.test.ContainerTest]/[method:exceptionTest()]
display-name: exceptionTest()
]]></system-out>
</testcase>
<testcase name="nullUebersetzen()" classname="org.hbrs.se.ws21.uebung1.test.GermanTranslatorTest" time="0">
<system-out><![CDATA[
unique-id: [engine:junit-jupiter]/[class:org.hbrs.se.ws21.uebung1.test.GermanTranslatorTest]/[method:nullUebersetzen()]
display-name: nullUebersetzen()
]]></system-out>
</testcase>
<testcase name="zahlenGross()" classname="org.hbrs.se.ws21.uebung1.test.GermanTranslatorTest" time="0.001">
<system-out><![CDATA[
unique-id: [engine:junit-jupiter]/[class:org.hbrs.se.ws21.uebung1.test.GermanTranslatorTest]/[method:zahlenGross()]
display-name: zahlenGross()
]]></system-out>
</testcase>
<testcase name="zahlenPositiv()" classname="org.hbrs.se.ws21.uebung1.test.GermanTranslatorTest" time="0.02">
<system-out><![CDATA[
unique-id: [engine:junit-jupiter]/[class:org.hbrs.se.ws21.uebung1.test.GermanTranslatorTest]/[method:zahlenPositiv()]
display-name: zahlenPositiv()
]]></system-out>
</testcase>
<testcase name="zahlenNegativ()" classname="org.hbrs.se.ws21.uebung1.test.GermanTranslatorTest" time="0.004">
<system-out><![CDATA[
unique-id: [engine:junit-jupiter]/[class:org.hbrs.se.ws21.uebung1.test.GermanTranslatorTest]/[method:zahlenNegativ()]
display-name: zahlenNegativ()
]]></system-out>
</testcase>
<testcase name="einlesenTest()" classname="org.hbrs.se.ws21.uebung2.test.ContainerTest" time="0.003">
<system-out><![CDATA[
unique-id: [engine:junit-jupiter]/[class:org.hbrs.se.ws21.uebung2.test.ContainerTest]/[method:einlesenTest()]
display-name: einlesenTest()
]]></system-out>
</testcase>
<testcase name="exceptionTest()" classname="org.hbrs.se.ws21.uebung3.test.ContainerTest" time="0.006">
<system-out><![CDATA[
unique-id: [engine:junit-jupiter]/[class:org.hbrs.se.ws21.uebung3.test.ContainerTest]/[method:exceptionTest()]
display-name: exceptionTest()
]]></system-out>
</testcase>
<system-out><![CDATA[
unique-id: [engine:junit-jupiter]
display-name: JUnit Jupiter
]]></system-out>
</testsuite>
